[17:00:13] [ServerMain/INFO]: Environment: Environment[sessionHost=https://sessionserver.mojang.com, servicesHost=https://api.minecraftservices.com, name=PROD]
[17:00:13] [ServerMain/INFO]: Found new data pack file/bukkit, loading it automatically
[17:00:14] [ServerMain/INFO]: No existing world data, creating new world
[17:00:14] [ServerMain/INFO]: Loaded 1174 recipes
[17:00:14] [ServerMain/INFO]: Loaded 1271 advancements
[17:00:15] [Server thread/INFO]: Starting minecraft server version 1.20.4
[17:00:15] [Server thread/INFO]: Loading properties
[17:00:15] [Server thread/INFO]: This server is running Paper version git-Paper-497 (MC: 1.20.4) (Implementing API version 1.20.4-R0.1-SNAPSHOT) (Git: d8d54d9 on ver/1.20.4)
[17:00:16] [Server thread/INFO]: Server Ping Player Sample Count: 12
[17:00:16] [Server thread/INFO]: Using 4 threads for Netty based IO
[17:00:16] [Server thread/INFO]: [ChunkTaskScheduler] Chunk system is using 1 I/O threads, 1 worker threads, and gen parallelism of 1 threads
[17:00:16] [Server thread/WARN]: [!] The timings profiler has been enabled but has been scheduled for removal from Paper in the future.
    We recommend installing the spark profiler as a replacement: https://spark.lucko.me/
    For more information please visit: https://github.com/PaperMC/Paper/issues/8948
[17:00:16] [Server thread/INFO]: Default game type: SURVIVAL
[17:00:16] [Server thread/INFO]: Generating keypair
[17:00:16] [Server thread/INFO]: Starting Minecraft server on *:25565
[17:00:16] [Server thread/INFO]: Using epoll channel type
[17:00:16] [Server thread/INFO]: Paper: Using libdeflate (Linux x86_64) compression from Velocity.
[17:00:16] [Server thread/INFO]: Paper: Using OpenSSL 1.1.x (Linux x86_64) cipher from Velocity.
[17:00:16] [Server thread/WARN]: **** SERVER IS RUNNING IN OFFLINE/INSECURE MODE!
[17:00:16] [Server thread/WARN]: The server will make no attempt to authenticate usernames. Beware.
[17:00:16] [Server thread/WARN]: While this makes the game possible to play without internet access, it also opens up the ability for hackers to connect with any username they choose.
[17:00:16] [Server thread/WARN]: To change this, set "online-mode" to "true" in the server.properties file.
[17:00:16] [Server thread/INFO]: Preparing level "world"
[17:00:29] [Server thread/INFO]: Preparing start region for dimension minecraft:overworld
[17:00:30] [Server thread/INFO]: Time elapsed: 176 ms
[17:00:30] [Server thread/INFO]: Preparing start region for dimension minecraft:the_nether
[17:00:30] [Server thread/INFO]: Time elapsed: 88 ms
[17:00:30] [Server thread/INFO]: Preparing start region for dimension minecraft:the_end
[17:00:30] [Server thread/INFO]: Time elapsed: 68 ms
[17:00:30] [Server thread/INFO]: Running delayed init tasks
[17:00:30] [Server thread/INFO]: Done (15.083s)! For help, type "help"
[17:00:30] [Server thread/INFO]: *************************************************************************************
[17:00:30] [Server thread/INFO]: This is the first time you're starting this server.
[17:00:30] [Server thread/INFO]: It's recommended you read our 'Getting Started' documentation for guidance.
[17:00:30] [Server thread/INFO]: View this and more helpful information here: https://docs.papermc.io/paper/next-steps
[17:00:30] [Server thread/INFO]: *************************************************************************************
[17:00:30] [Server thread/INFO]: Timings Reset
[17:00:46] [User Authenticator #0/INFO]: UUID of player BeniGamer24 is d55d0cec-356e-3692-9f7c-ec1866b9d594
[17:00:47] [Server thread/INFO]: BeniGamer24 joined the game
[17:00:47] [Server thread/INFO]: BeniGamer24[/127.26.125.248:49577] logged in with entity id 26 at ([world]-8.5, 69.0, -4.5)
[17:08:34] [Server thread/INFO]: Unknown command. Type "/help" for help.
[17:11:13] [Server thread/INFO]: Made BeniGamer24 a server operator
[17:13:17] [Server thread/INFO]: BeniGamer24 issued server command: /gamemode creative
[17:13:17] [Server thread/INFO]: [BeniGamer24: Set own game mode to Creative Mode]
[17:20:45] [Server thread/INFO]: BeniGamer24 lost connection: Disconnected
[17:20:45] [Server thread/INFO]: BeniGamer24 left the game
[17:25:38] [User Authenticator #1/INFO]: UUID of player BeniGamer24 is d55d0cec-356e-3692-9f7c-ec1866b9d594
[17:25:39] [Server thread/INFO]: BeniGamer24 joined the game
[17:25:39] [Server thread/INFO]: BeniGamer24[/127.26.125.248:51117] logged in with entity id 2721 at ([world]-38.26044255993663, 73.80868704277303, -8.941897596902285)
